sdgfsdfgsdds{"_id":{"$oid":"5911208b4411b30c1c874387"},"id":{"$numberLong":"861760408201433088"},"tweet":"@bruffinelli leida columna. No veo Vertigo xq me molesta el humor de \"Yerko\", que se disfraza de un esbelto Gonzalo Caceres para sus \"Ay!\"","username":"M. Fca","day":"8","mouth":"4","hour":"22:51","RTcount":0,"LIKEcount":0}
{"_id":{"$oid":"591120ab4411b30cdeaaca51"},"id":{"$numberLong":"861760542339350528"},"tweet":"Perdona nuestros pecados Capitulo 35 - Martes 9 de Mayo del 2017 https://t.co/XW5QOwC9Yg #Mironovelas","username":"Mironovelas","day":"8","mouth":"4","hour":"22:51","RTcount":0,"LIKEcount":0}
{"_id":{"$oid":"591120ba4411b30cdeaaca53"},"id":{"$numberLong":"861760604759044096"},"tweet":"#MasterChefUy  Yo esperando q termine la tanda de Master Chef https://t.co/Gd0kFGB83z","username":"Su De León","day":"8","mouth":"4","hour":"22:51","RTcount":0,"LIKEcount":0}
{"_id":{"$oid":"591120cb4411b30cdeaaca55"},"id":{"$numberLong":"861760680243998721"},"tweet":"miguel de cervantes escribio el don quijote durante una tanda de master chef","username":"ʜᴜʙᴇʀ","day":"8","mouth":"4","hour":"22:52","RTcount":0,"LIKEcount":0}
{"_id":{"$oid":"591120dc4411b30cdeaaca57"},"id":{"$numberLong":"861760748665622528"},"tweet":"Me gustó un video de @YouTube https://t.co/NjwaBIovYr YTPH - Master Chef : Ano Sano Edition","username":"chr0mated","day":"8","mouth":"4","hour":"22:52","RTcount":0,"LIKEcount":0}
{"_id":{"$oid":"591120e94411b30cdeaaca59"},"id":{"$numberLong":"861760806198882306"},"tweet":"Voy a darle una oportunidad a \"perdona nuestros pecados\" si ne enchufo, la veré... Si no, la dejaré ir definitivamente","username":"Coni🦋","day":"8","mouth":"4","hour":"22:52","RTcount":0,"LIKEcount":0}
{"_id":{"$oid":"5911211e4411b30cdeaaca5b"},"id":{"$numberLong":"861761025653297153"},"tweet":"RT @PameFalconi: @LasManuelasEc #LasManuelasResponde Hoy con entrega de colchones en Urdaneta y Babahoyo Imparables!💪 @Lenin… ","username":"Juan Cardenas","day":"8","mouth":"4","hour":"22:53","RTcount":0,"LIKEcount":0}
{"_id":{"$oid":"5911213b4411b30cdeaaca5d"},"id":{"$numberLong":"861761144188534785"},"tweet":"RT @bihotita: @bruffinelli leida columna. No veo Vertigo xq me molesta el humor de \"Yerko\", que se disfraza de un esbelto Gonzalo Caceres p…","username":"RUFFINELLI","day":"8","mouth":"4","hour":"22:54","RTcount":0,"LIKEcount":0}
{"_id":{"$oid":"5911214d4411b30cdeaaca5f"},"id":{"$numberLong":"861761226354958337"},"tweet":"RT @bobeofsuga: Siempre q veo una noticia de bangtan,me sube todo un vertigo, es incontrolable\nI vote for @BTS_twt for the #BTSBBMAs Top So…","username":"Sandy","day":"8","mouth":"4","hour":"22:54","RTcount":0,"LIKEcount":0}
{"_id":{"$oid":"591121604411b30cdeaaca61"},"id":{"$numberLong":"861761302112473091"},"tweet":"Ahora rica hará un jr. Master chef","username":"Laura M. Rodríguez","day":"8","mouth":"4","hour":"22:54","RTcount":0,"LIKEcount":0}
{"_id":{"$oid":"591121634411b30cdeaaca63"},"id":{"$numberLong":"861761315894898688"},"tweet":"El francés de master chef es menos francés que yo estoy segura de que es un chanta","username":"COLITO ♌","day":"8","mouth":"4","hour":"22:54","RTcount":0,"LIKEcount":0}
{"_id":{"$oid":"591121784411b30cdeaaca65"},"id":{"$numberLong":"861761402729582592"},"tweet":"RT @Caroodaneri: El francés de master chef es menos francés que yo estoy segura de que es un chanta","username":"Jul","day":"8","mouth":"4","hour":"22:55","RTcount":0,"LIKEcount":0}
{"_id":{"$oid":"5911218d4411b30cdeaaca67"},"id":{"$numberLong":"861761492328304640"},"tweet":"RT @manudefleitas: En Telegram hicimos un grupo específicamente para hablar de Master chef en vivo y esta es la foto de perfil: https://t.c…","username":"Fer ♀️","day":"8","mouth":"4","hour":"22:55","RTcount":0,"LIKEcount":0}
{"_id":{"$oid":"591121c14411b30cdeaaca69"},"id":{"$numberLong":"861761711589732352"},"tweet":"RT @Marcelajata: @mariadelros26 @ElDiazTeam juntas somos imparables 😋😋😋😋😋","username":"María Del Rosario","day":"8","mouth":"4","hour":"22:56","RTcount":0,"LIKEcount":0}
{"_id":{"$oid":"591121c84411b30cdeaaca6b"},"id":{"$numberLong":"861761740715032576"},"tweet":"Le está haciendo bien mirar master chef","username":"Cabecita Rodríguez","day":"8","mouth":"4","hour":"22:56","RTcount":0,"LIKEcount":0}
{"_id":{"$oid":"591121c94411b30cdeaaca6d"},"id":{"$numberLong":"861761742099148801"},"tweet":"RT @Ale_Zunshine: Si te paras de puntitas y te da vertigo, no me imagino cuando te subas a un ladrillo mija 😎","username":"Gomas Locas","day":"8","mouth":"4","hour":"22:56","RTcount":0,"LIKEcount":0}
{"_id":{"$oid":"591121f64411b30cdeaaca6f"},"id":{"$numberLong":"861761932474425344"},"tweet":"RT @Juanpaschmidt: Felíz Aniversario @stmbb orgulloso por 83 años de imparables conquistas para el trabajador Municipal @Aguero_M_A @Mabels…","username":"Claudia Fernandez","day":"8","mouth":"4","hour":"22:57","RTcount":0,"LIKEcount":0}
{"_id":{"$oid":"591122184411b30cdeaaca71"},"id":{"$numberLong":"861762075898650624"},"tweet":"RT @Maatidelcap: Le está haciendo bien mirar master chef","username":"Zabaa⭕1","day":"8","mouth":"4","hour":"22:57","RTcount":0,"LIKEcount":0}
{"_id":{"$oid":"5911221b4411b30cdeaaca73"},"id":{"$numberLong":"861762088938721280"},"tweet":"RT @quelepone: miguel de cervantes escribio el don quijote durante una tanda de master chef","username":"Guillermo Carbonell","day":"8","mouth":"4","hour":"22:57","RTcount":0,"LIKEcount":0}
{"_id":{"$oid":"591122204411b30cdeaaca75"},"id":{"$numberLong":"861762108198973441"},"tweet":"RT @OveggiItaliani: Miro master chef y me pongo a cocinar\nMiro el de los obsesivos con la limpieza y me limpio toda la casa\nMiro vídeos de…","username":"SeeL García Giurgi","day":"8","mouth":"4","hour":"22:57","RTcount":0,"LIKEcount":0}
{"_id":{"$oid":"591122254411b30cdeaaca77"},"id":{"$numberLong":"861762127970938880"},"tweet":"Solo veo master chef, por ti 😂😝😎💪 \n@Emiliano_MCJR2 https://t.co/ywnqrxW8EE","username":"Wendy Quiroz","day":"8","mouth":"4","hour":"22:57","RTcount":0,"LIKEcount":0}
{"_id":{"$oid":"5911222e4411b30cdeaaca79"},"id":{"$numberLong":"861762168831827970"},"tweet":"Gente de bien por partida doble https://t.co/E1nlnaz6CY","username":"La mujer lobo ♀️","day":"8","mouth":"4","hour":"22:58","RTcount":0,"LIKEcount":0}
{"_id":{"$oid":"5911225a4411b30cdeaaca7b"},"id":{"$numberLong":"861762351858679808"},"tweet":"Viendo el final de Un diablo con angel","username":"Ale Vidal ✈️","day":"8","mouth":"4","hour":"22:58","RTcount":0,"LIKEcount":0}
{"_id":{"$oid":"591122634411b30cdeaaca7d"},"id":{"$numberLong":"861762389859078145"},"tweet":"RT @SuDeLeon77: #MasterChefUy  Yo esperando q termine la tanda de Master Chef https://t.co/Gd0kFGB83z","username":"Estefani Cabrera","day":"8","mouth":"4","hour":"22:58","RTcount":0,"LIKEcount":0}
{"_id":{"$oid":"591122654411b30cdeaaca7f"},"id":{"$numberLong":"861762399199797248"},"tweet":"@nsvcuralaba perdona nuestros pecados la lleva, te la pierdes","username":"valentina reyes","day":"8","mouth":"4","hour":"22:59","RTcount":0,"LIKEcount":0}
{"_id":{"$oid":"591122914411b30cdeaaca81"},"id":{"$numberLong":"861762582977400832"},"tweet":"RT @JuanitoFutbol_: Sí en Pumas tuviéramos a 10 más iguales a ti @BritosMatias, estoy seguro que seriamos imparables. Cabeza arriba, ídolo.…","username":"Fernando OrtizGarcia","day":"8","mouth":"4","hour":"22:59","RTcount":0,"LIKEcount":0}
{"_id":{"$oid":"591122a14411b30cdeaaca83"},"id":{"$numberLong":"861762650555817984"},"tweet":"VERTIGO APRENDAMOS A CONTROLARLO\n#desequilibrio #mareos #vertigo\nhttps://t.co/yvKGq7aygc https://t.co/r0iZDSu3Ag","username":"Jesus Gonzalez","day":"8","mouth":"4","hour":"23:00","RTcount":0,"LIKEcount":0}
{"_id":{"$oid":"591122b94411b30cdeaaca85"},"id":{"$numberLong":"861762750699237376"},"tweet":"cada vez que vemos master chef me muero de hambre, yo te hago no sé un rollito de jamón y queso o un pan con manteca","username":"bri,,","day":"8","mouth":"4","hour":"23:00","RTcount":0,"LIKEcount":0}
{"_id":{"$oid":"591122bd4411b30cdeaaca87"},"id":{"$numberLong":"861762767107313664"},"tweet":"Master chef te enseña también ! Jaja programa didáctico (?) me estoy enterando que el ananá tiene punta. Jajajaja https://t.co/hcWdgBl2b0","username":"Mari ✌️","day":"8","mouth":"4","hour":"23:00","RTcount":0,"LIKEcount":0}
{"_id":{"$oid":"591122c44411b30cdeaaca89"},"id":{"$numberLong":"861762798677876737"},"tweet":"RT @Caroodaneri: El francés de master chef es menos francés que yo estoy segura de que es un chanta","username":"☾✨","day":"8","mouth":"4","hour":"23:00","RTcount":0,"LIKEcount":0}
{"_id":{"$oid":"591122c64411b30cdeaaca8b"},"id":{"$numberLong":"861762805640429568"},"tweet":"RT @LocaMente29: El coraje que tienen los que deben probar los \"sancochos\" que preparan los participantes de Master Chef es realmente admir…","username":"José","day":"8","mouth":"4","hour":"23:00","RTcount":0,"LIKEcount":0}
{"_id":{"$oid":"591122e54411b30cdeaaca8d"},"id":{"$numberLong":"861762936641122304"},"tweet":"@Marivel_MCJR Mucho Exito En Master Chef❤️","username":"BryanGamesYT","day":"8","mouth":"4","hour":"23:01","RTcount":0,"LIKEcount":0}
{"_id":{"$oid":"591122ff4411b30cdeaaca8f"},"id":{"$numberLong":"861763045143588864"},"tweet":"Lo que más me preocupa de Master Chef es si todos prueban los paltos con el mismo juego de cubiertos 🍴😱😖","username":"🦋Victoria Beckham🦋","day":"8","mouth":"4","hour":"23:01","RTcount":0,"LIKEcount":0}
{"_id":{"$oid":"591123034411b30cdeaaca91"},"id":{"$numberLong":"861763059852947456"},"tweet":"Me da mucha ternura y amor la señora mayor de master chef! ❤ ojalá gane","username":"Luciana","day":"8","mouth":"4","hour":"23:01","RTcount":0,"LIKEcount":0}
{"_id":{"$oid":"5911230d4411b30cdeaaca93"},"id":{"$numberLong":"861763104488771584"},"tweet":"@benjavicunamori te odie del minuto uno en un diablo con angel Y AHORA NO PARO DE LLORAR TU MUERTE !!! Yapo Peyayo… https://t.co/alkdm21YYM","username":"MariaJose Hidalgo","day":"8","mouth":"4","hour":"23:01","RTcount":0,"LIKEcount":0}
{"_id":{"$oid":"591123474411b30cdeaaca95"},"id":{"$numberLong":"861763347846500352"},"tweet":"Hoy no tengo tarea, hoy me pondré al corriente con Master chef jr 😂","username":"Linda","day":"8","mouth":"4","hour":"23:02","RTcount":0,"LIKEcount":0}
{"_id":{"$oid":"5911234a4411b30cdeaaca97"},"id":{"$numberLong":"861763359992971264"},"tweet":"@Diego_MCJR en Master chef dijiste que te gusta una quien era","username":"Betzy Sanchez","day":"8","mouth":"4","hour":"23:02","RTcount":0,"LIKEcount":0}
{"_id":{"$oid":"5911234b4411b30cdeaaca99"},"id":{"$numberLong":"861763361360498688"},"tweet":"RT @C13_lu: Queda establecido mi desprecio por la carpintera de master chef. Perdón pero te odio 🙀","username":"chinita","day":"8","mouth":"4","hour":"23:02","RTcount":0,"LIKEcount":0}
{"_id":{"$oid":"591123644411b30cdeaaca9b"},"id":{"$numberLong":"861763469842018305"},"tweet":"Le dije que tenía hambre y me trajo unas morochas y estamos sentados viendo Perdona nuestros Pecados 😂","username":"Jana⛔️","day":"8","mouth":"4","hour":"23:03","RTcount":0,"LIKEcount":0}
{"_id":{"$oid":"591123714411b30cdeaaca9d"},"id":{"$numberLong":"861763521188679680"},"tweet":"@NicoRollet87 Nico, qué pinta tiene eso!. Felicitaciones!!. Estás para Master Chef (?). 😉","username":"☆ Noelia ☆","day":"8","mouth":"4","hour":"23:03","RTcount":0,"LIKEcount":0}
{"_id":{"$oid":"591123714411b30cdeaaca9f"},"id":{"$numberLong":"861763521675243524"},"tweet":"@garzonrunner Ni siquiera MIRO MASTER CHEF Y YA LO LEÍ UN MILLÓN DE VECES AGGIORNATE","username":"Pamela","day":"8","mouth":"4","hour":"23:03","RTcount":0,"LIKEcount":0}
{"_id":{"$oid":"591123794411b30cdeaacaa1"},"id":{"$numberLong":"861763554013310977"},"tweet":"Equipos imparables en la Copa Movistar Intercolegial Infantil https://t.co/RIJrrN90ga https://t.co/Epyku154CC","username":"CAWtv","day":"8","mouth":"4","hour":"23:03","RTcount":0,"LIKEcount":0}
{"_id":{"$oid":"5911237d4411b30cdeaacaa3"},"id":{"$numberLong":"861763574645051394"},"tweet":"Mercedes es hora de irteeeee master chef no es para vos 🖕🏻","username":"Delfis","day":"8","mouth":"4","hour":"23:03","RTcount":0,"LIKEcount":0}
{"_id":{"$oid":"5911237e4411b30cdeaacaa5"},"id":{"$numberLong":"861763576394113024"},"tweet":"Equipos imparables en la Copa Movistar Intercolegial Infantil https://t.co/RIJrrN90ga https://t.co/e5uTn1wyXw","username":"CAWtv","day":"8","mouth":"4","hour":"23:03","RTcount":0,"LIKEcount":0}
{"_id":{"$oid":"591123954411b30cdeaacaa7"},"id":{"$numberLong":"861763672888180736"},"tweet":"• No soy amante de la cocina ni mucho menos, pero que bueno que hayan traído la idea de Master Chef a Uruguay... 🍴","username":"Jonathan Crespo","day":"8","mouth":"4","hour":"23:04","RTcount":0,"LIKEcount":0}
{"_id":{"$oid":"591123c64411b30cdeaacaa9"},"id":{"$numberLong":"861763877561925634"},"tweet":"Lo que sufro mirando master chef no tiene nombre","username":"Joha Bolazzi","day":"8","mouth":"4","hour":"23:04","RTcount":0,"LIKEcount":0}
{"_id":{"$oid":"591123d34411b30cdeaacaab"},"id":{"$numberLong":"861763933002190848"},"tweet":"RT @mtzpescador14: @sspdgo @DrRamonEnriquez  @Sallvatoree @Luis_Angel_TV10 robos imparables en los Villas. A plena luz del día Urge ha… ","username":"Joy","day":"8","mouth":"4","hour":"23:05","RTcount":0,"LIKEcount":0}
{"_id":{"$oid":"591123f34411b30cdeaacaad"},"id":{"$numberLong":"861764069518442496"},"tweet":"Todos en casa viendo master chef y yo a punto de arrancarme los pelos por el puto parcial","username":"Mogul Girl","day":"8","mouth":"4","hour":"23:05","RTcount":0,"LIKEcount":0}
{"_id":{"$oid":"5911241e4411b30cdeaacaaf"},"id":{"$numberLong":"861764249101758465"},"tweet":"No hay cosa que me guste menos que \"Master chef\" de acá, es una poronga, muestra claramente lo atrasados que estamos gastronómicamente","username":"Nano","day":"8","mouth":"4","hour":"23:06","RTcount":0,"LIKEcount":0}
{"_id":{"$oid":"591124494411b30cdeaacab1"},"id":{"$numberLong":"861764425702940672"},"tweet":"El prox master chef me anoto jajajajaj  #10 😉🖒 https://t.co/7i6obLoEeA","username":"Toto Abelando","day":"8","mouth":"4","hour":"23:07","RTcount":0,"LIKEcount":0}
{"_id":{"$oid":"5911246e4411b30cdeaacab3"},"id":{"$numberLong":"861764583375220737"},"tweet":"Espacio de Entrenamiento IMPARABLES CON NARIZ https://t.co/5zlCCjlgfj","username":"Maria Jose Cadena","day":"8","mouth":"4","hour":"23:07","RTcount":0,"LIKEcount":0}
{"_id":{"$oid":"591124744411b30cdeaacab5"},"id":{"$numberLong":"861764609992253440"},"tweet":"Me quise ir a acostar y mi madre se enojo porque dice que lo unico q hacemos juntas es mirar MASTER CHEF y la quiero abandonar ¿¿¿???","username":"Emi","day":"8","mouth":"4","hour":"23:07","RTcount":0,"LIKEcount":0}
{"_id":{"$oid":"591124784411b30cdeaacab7"},"id":{"$numberLong":"861764627792900098"},"tweet":"Yo le.mando un refuerzo q de chuparte los dedos unos buenos mates y a otra cosa Master chef","username":"virginia sanchez ♐","day":"8","mouth":"4","hour":"23:07","RTcount":0,"LIKEcount":0}
{"_id":{"$oid":"591124834411b30cdeaacab9"},"id":{"$numberLong":"861764671732318208"},"tweet":"RT @BolazziJohana: Lo que sufro mirando master chef no tiene nombre","username":"••Melani••","day":"8","mouth":"4","hour":"23:08","RTcount":0,"LIKEcount":0}
{"_id":{"$oid":"591124b74411b30cdeaacabb"},"id":{"$numberLong":"861764889471307778"},"tweet":"Yo no le entiendo un carajo al juez francés de Master Chef Uy, alguien que me lo subtitule porque me pone nerviosa.","username":"Nanny 🎀","day":"8","mouth":"4","hour":"23:08","RTcount":0,"LIKEcount":0}
{"_id":{"$oid":"591124e14411b30cdeaacabd"},"id":{"$numberLong":"861765064545710080"},"tweet":"#MasterChefUy el plato de la sopa es de Master Chef de otros países  Tiene #nivel .Fue el mejor","username":"adriana cabrera","day":"8","mouth":"4","hour":"23:09","RTcount":0,"LIKEcount":0}
{"_id":{"$oid":"591125094411b30cdeaacabf"},"id":{"$numberLong":"861765233668390914"},"tweet":"Vamooo Silvia!!! Le tengo bruta fe a esa loca. Para mi gana ella Master Chef.","username":"Melisa.","day":"8","mouth":"4","hour":"23:10","RTcount":0,"LIKEcount":0}
{"_id":{"$oid":"5911251c4411b30cdeaacac1"},"id":{"$numberLong":"861765313335107585"},"tweet":"Odio al francés de master chef","username":"Mica🍀","day":"8","mouth":"4","hour":"23:10","RTcount":0,"LIKEcount":0}
{"_id":{"$oid":"591125254411b30cdeaacac3"},"id":{"$numberLong":"861765350681190400"},"tweet":"Cada vez mejor perdona nuestros pecados!","username":"karen andrea olguin","day":"8","mouth":"4","hour":"23:10","RTcount":0,"LIKEcount":0}
{"_id":{"$oid":"591125344411b30cdeaacac5"},"id":{"$numberLong":"861765416246530052"},"tweet":"A la de master chef le dicen que eso no es cocinar, yo hago un puré de papa y me siento Dios","username":"Josiana Menyóu","day":"8","mouth":"4","hour":"23:11","RTcount":0,"LIKEcount":0}
{"_id":{"$oid":"591125424411b30cdeaacac7"},"id":{"$numberLong":"861765473142222848"},"tweet":"Hacer \"Master chef\" y que no este Jean Paul de jurado habla por sí solo","username":"Nano","day":"8","mouth":"4","hour":"23:11","RTcount":0,"LIKEcount":0}
{"_id":{"$oid":"591125564411b30cdeaacac9"},"id":{"$numberLong":"861765557552631808"},"tweet":"RT @PnpMega: EN VIVO: REVIVE los mejores momentos de la semana de Perdona Nuestros Pecados. https://t.co/gcwZlWj9xl","username":"MontoyaKhriss ","day":"8","mouth":"4","hour":"23:11","RTcount":0,"LIKEcount":0}
{"_id":{"$oid":"591125784411b30cdeaacacb"},"id":{"$numberLong":"861765699609526272"},"tweet":"#ElEscondite https://t.co/w74m2YqWRf los invito a ver mis Records de perdona nuestros pecados","username":"huhhhi","day":"8","mouth":"4","hour":"23:12","RTcount":0,"LIKEcount":0}
{"_id":{"$oid":"5911257e4411b30cdeaacacd"},"id":{"$numberLong":"861765726394339328"},"tweet":"Avísenle a la jurada de Master Chef que nadie la juna","username":"Agustina","day":"8","mouth":"4","hour":"23:12","RTcount":0,"LIKEcount":0}
{"_id":{"$oid":"591125a24411b30cdeaacacf"},"id":{"$numberLong":"861765873748594689"},"tweet":"Están todos viendo Master chef toy helada","username":"sof","day":"8","mouth":"4","hour":"23:12","RTcount":0,"LIKEcount":0}
{"_id":{"$oid":"591125b14411b30cdeaacad1"},"id":{"$numberLong":"861765936507965446"},"tweet":"Amo hundir la mano en el cajon de lentejas del todo suelto, no te voy a dar la direccion asi sentis vertigo la proxima que compres.\nAmelie.","username":"Mr.Z","day":"8","mouth":"4","hour":"23:13","RTcount":0,"LIKEcount":0}
{"_id":{"$oid":"591125b44411b30cdeaacad3"},"id":{"$numberLong":"861765949493530626"},"tweet":"Daaale master chef q quiero dormir","username":"boombaby","day":"8","mouth":"4","hour":"23:13","RTcount":0,"LIKEcount":0}
{"_id":{"$oid":"591125b74411b30cdeaacad5"},"id":{"$numberLong":"861765963582246913"},"tweet":"No dejes que en tu casa te critiquen como los jurados de Master Chef, sorprendelos con un delivery de https://t.co/56DGA4IqP5","username":"Salio","day":"8","mouth":"4","hour":"23:13","RTcount":0,"LIKEcount":0}
{"_id":{"$oid":"591125b74411b30cdeaacad7"},"id":{"$numberLong":"861765965675155456"},"tweet":"Soy alto master chef. https://t.co/zjsKfftsWh","username":"C卐. 🥑","day":"8","mouth":"4","hour":"23:13","RTcount":0,"LIKEcount":0}
{"_id":{"$oid":"591125b94411b30cdeaacad9"},"id":{"$numberLong":"861765972608286720"},"tweet":"@LucasVillarOK Buenaaa master chef","username":"★Honesta Mandolina♡ت","day":"8","mouth":"4","hour":"23:13","RTcount":0,"LIKEcount":0}
{"_id":{"$oid":"591125c04411b30cdeaacadb"},"id":{"$numberLong":"861766003340058625"},"tweet":"Re copados estamos en casa con master chef","username":"Fefaa!","day":"8","mouth":"4","hour":"23:13","RTcount":0,"LIKEcount":0}
{"_id":{"$oid":"591125c24411b30cdeaacadd"},"id":{"$numberLong":"861766009459527680"},"tweet":"RT @adrianabravista: #MasterChefUy el plato de la sopa es de Master Chef de otros países  Tiene #nivel .Fue el mejor","username":"Edgardo #122945","day":"8","mouth":"4","hour":"23:13","RTcount":0,"LIKEcount":0}
{"_id":{"$oid":"591125d24411b30cdeaacadf"},"id":{"$numberLong":"861766074890584066"},"tweet":"Estos #Yankees están imparables...","username":"Jorge Mora","day":"8","mouth":"4","hour":"23:13","RTcount":0,"LIKEcount":0}
{"_id":{"$oid":"591125da4411b30cdeaacae1"},"id":{"$numberLong":"861766112312274944"},"tweet":"#MasterChefUy El francés ese lo sacaron de la escuela de vagabundos para adoptar en Francia, que buen corazón master chef","username":"104","day":"8","mouth":"4","hour":"23:13","RTcount":0,"LIKEcount":0}
{"_id":{"$oid":"591125e54411b30cdeaacae3"},"id":{"$numberLong":"861766158101479425"},"tweet":"Entre el reviraso que hizo Carlitos y mi salsa con carnecita yo no se porque no nos anotamos al master chef todavia","username":"Dαηiєℓα❣","day":"8","mouth":"4","hour":"23:13","RTcount":0,"LIKEcount":0}
{"_id":{"$oid":"591125ef4411b30cdeaacae5"},"id":{"$numberLong":"861766198102503425"},"tweet":"RT @Maatidelcap: Le está haciendo bien mirar master chef","username":"antoine griezmann","day":"8","mouth":"4","hour":"23:14","RTcount":0,"LIKEcount":0}
{"_id":{"$oid":"591125fb4411b30cdeaacae7"},"id":{"$numberLong":"861766249734451201"},"tweet":"RT @KidrauhlisReal3: A la de master chef le dicen que eso no es cocinar, yo hago un puré de papa y me siento Dios","username":"Gaba","day":"8","mouth":"4","hour":"23:14","RTcount":0,"LIKEcount":0}
{"_id":{"$oid":"591126024411b30cdeaacae9"},"id":{"$numberLong":"861766279400706048"},"tweet":"RT @PameFalconi: @LasManuelasEc #LasManuelasResponde Hoy con entrega de colchones en Urdaneta y Babahoyo Imparables!💪 @Lenin… ","username":"gatajey","day":"8","mouth":"4","hour":"23:14","RTcount":0,"LIKEcount":0}
{"_id":{"$oid":"5911260b4411b30cdeaacaeb"},"id":{"$numberLong":"861766317174640640"},"tweet":"@TVN mal final de un diablo con angel","username":"eduardo","day":"8","mouth":"4","hour":"23:14","RTcount":0,"LIKEcount":0}
{"_id":{"$oid":"5911262b4411b30cdeaacaed"},"id":{"$numberLong":"861766450847121408"},"tweet":"RT @la_mujer_lobo: Gente de bien por partida doble https://t.co/E1nlnaz6CY","username":"Manuela","day":"8","mouth":"4","hour":"23:15","RTcount":0,"LIKEcount":0}
{"_id":{"$oid":"591126454411b30cdeaacaef"},"id":{"$numberLong":"861766559647354880"},"tweet":"RT @lu4vaztorres: Daaale master chef q quiero dormir","username":"Emi","day":"8","mouth":"4","hour":"23:15","RTcount":0,"LIKEcount":0}
{"_id":{"$oid":"591126464411b30cdeaacaf1"},"id":{"$numberLong":"861766563824898048"},"tweet":"Supongo que el que mete las propagandas de diez horas en master chef no sabe que hay gente que tiene trabajo o estudia en serio y es lunes🙄","username":"Bela🤾🏽‍♀️","day":"8","mouth":"4","hour":"23:15","RTcount":0,"LIKEcount":0}
{"_id":{"$oid":"5911264b4411b30cdeaacaf3"},"id":{"$numberLong":"861766586482479105"},"tweet":"@WillyrexYT Tu eres increíble y junto a vegetta son imparables te quieroooo!!!","username":"MILAGROS FRIAS","day":"8","mouth":"4","hour":"23:15","RTcount":0,"LIKEcount":0}
{"_id":{"$oid":"591126504411b30cdeaacaf5"},"id":{"$numberLong":"861766603985350657"},"tweet":"Muy malo el final de #un diablo con angel...no pueden hacer esto!!!! Todo mal TVN!!!","username":"carmen gloria alarco","day":"8","mouth":"4","hour":"23:15","RTcount":0,"LIKEcount":0}
{"_id":{"$oid":"591126534411b30cdeaacaf7"},"id":{"$numberLong":"861766618841579521"},"tweet":"Me tienen viendo perdona nuestros pecados jajaja 🤔 igual es buena 🙄","username":"Antito","day":"8","mouth":"4","hour":"23:15","RTcount":0,"LIKEcount":0}
{"_id":{"$oid":"591126624411b30cdeaacaf9"},"id":{"$numberLong":"861766680032235522"},"tweet":"Para mi se va Pía, le dijeron que su plato no era digno de Master Chef, ya esta","username":"Junior Davila ⚡️","day":"8","mouth":"4","hour":"23:16","RTcount":0,"LIKEcount":0}
{"_id":{"$oid":"591126984411b30cdeaacafb"},"id":{"$numberLong":"861766906507866116"},"tweet":"@la_mujer_lobo Creo q se va Danilo xq dijeron \"No tiene gusto\". Se olvidó del sabor. Mepa.  Vamoaver. \n Master Chef nos une!","username":"Dosportres","day":"8","mouth":"4","hour":"23:16","RTcount":0,"LIKEcount":0}
{"_id":{"$oid":"591126984411b30cdeaacafd"},"id":{"$numberLong":"861766908634443776"},"tweet":"#MasterChefUy el rasta no le ha pegado en ningún plato y sigue en pie. Para mi que es el proveedor de master chef......","username":"L u l e i n 🔱","day":"8","mouth":"4","hour":"23:16","RTcount":0,"LIKEcount":0}
{"_id":{"$oid":"591126a64411b30cdeaacaff"},"id":{"$numberLong":"861766964078723072"},"tweet":"Michelle Dias participante de Master Chef Junior apoyemosla todos https://t.co/xlCQHViMrj","username":"Alex","day":"8","mouth":"4","hour":"23:17","RTcount":0,"LIKEcount":0}
{"_id":{"$oid":"591126a84411b30cdeaacb01"},"id":{"$numberLong":"861766973746708481"},"tweet":"@VikySegredo Ahora si quedo mas lindo tipo un master chef cacero 😂😂","username":"Pablo","day":"8","mouth":"4","hour":"23:17","RTcount":0,"LIKEcount":0}
{"_id":{"$oid":"591126a84411b30cdeaacb03"},"id":{"$numberLong":"861766975193853956"},"tweet":"@benjavicunamori hagan una segunda parte! Quedaremos muchos viudos de un diablo con angel :/!","username":"Moraga32.","day":"8","mouth":"4","hour":"23:17","RTcount":0,"LIKEcount":0}
{"_id":{"$oid":"591126d74411b30cdeaacb05"},"id":{"$numberLong":"861767173064314881"},"tweet":"RT @quelepone: miguel de cervantes escribio el don quijote durante una tanda de master chef","username":"belugs","day":"8","mouth":"4","hour":"23:17","RTcount":0,"LIKEcount":0}
{"_id":{"$oid":"591126e54411b30cdeaacb07"},"id":{"$numberLong":"861767229213462528"},"tweet":"Que termine master chef que me quiero ir a acostar","username":"Dixon","day":"8","mouth":"4","hour":"23:18","RTcount":0,"LIKEcount":0}
{"_id":{"$oid":"591126f44411b30cdeaacb09"},"id":{"$numberLong":"861767291565953024"},"tweet":"Terrible de fome el final de Un diablo con Angel, la produccion excelente y la ida o final muy malo!!","username":"Romina","day":"8","mouth":"4","hour":"23:18","RTcount":0,"LIKEcount":0}
{"_id":{"$oid":"591127134411b30cdeaacb0b"},"id":{"$numberLong":"861767421924921344"},"tweet":"RT @quelepone: miguel de cervantes escribio el don quijote durante una tanda de master chef","username":"JoaquínF","day":"8","mouth":"4","hour":"23:18","RTcount":0,"LIKEcount":0}
{"_id":{"$oid":"591127174411b30cdeaacb0d"},"id":{"$numberLong":"861767439968874498"},"tweet":"Que peeenaa el último capitulo de un diablo con angel...!!!","username":"Lorena Lopez","day":"8","mouth":"4","hour":"23:19","RTcount":0,"LIKEcount":0}
{"_id":{"$oid":"591127344411b30cdeaacb0f"},"id":{"$numberLong":"861767560454451202"},"tweet":"#mamaprimero (que penca el final de un diablo con angel 😄)","username":"INSTALADORPAPELMURAL","day":"8","mouth":"4","hour":"23:19","RTcount":0,"LIKEcount":0}
{"_id":{"$oid":"591127734411b30cdeaacb11"},"id":{"$numberLong":"861767824074821635"},"tweet":"RT @BelenBarnech: Supongo que el que mete las propagandas de diez horas en master chef no sabe que hay gente que tiene trabajo o estudia en…","username":"Gonzalo","day":"8","mouth":"4","hour":"23:20","RTcount":0,"LIKEcount":0}
{"_id":{"$oid":"591127a04411b30cdeaacb13"},"id":{"$numberLong":"861768016710815745"},"tweet":"Manera de llorar, definitivamente un diablo con angel a pesar del triste final marcó la diferencia 👏👏👏👏 #UnDiabloConAngelGranFinal","username":"Nico","day":"8","mouth":"4","hour":"23:21","RTcount":0,"LIKEcount":0}
{"_id":{"$oid":"591127c54411b30cdeaacb15"},"id":{"$numberLong":"861768168599162880"},"tweet":"RT @quelepone: miguel de cervantes escribio el don quijote durante una tanda de master chef","username":"Piero","day":"8","mouth":"4","hour":"23:21","RTcount":0,"LIKEcount":0}
{"_id":{"$oid":"591127c64411b30cdeaacb17"},"id":{"$numberLong":"861768175553302528"},"tweet":"¿Ahora que teleserie veré? ... absolutamente viuda de un diablo con angel 😭","username":"Francisca Aguilera","day":"8","mouth":"4","hour":"23:21","RTcount":0,"LIKEcount":0}
{"_id":{"$oid":"591127d44411b30cdeaacb19"},"id":{"$numberLong":"861768233682161666"},"tweet":"En Perdona nuestros pecados tocan rock and roll antes que se inventará el rock  #ElEscondite","username":"Javier Gonzalez","day":"8","mouth":"4","hour":"23:22","RTcount":0,"LIKEcount":0}
{"_id":{"$oid":"591127f44411b30cdeaacb1b"},"id":{"$numberLong":"861768365840400385"},"tweet":"¡Y se vienen nuevas cosas! El próximo 27 de mayo en Vertigo wings pub Fobos en vivo. Allá nos vemos :D https://t.co/RXwRbl7PJU","username":"Fobos Banda","day":"8","mouth":"4","hour":"23:22","RTcount":0,"LIKEcount":0}
{"_id":{"$oid":"5911280c4411b30cdeaacb1d"},"id":{"$numberLong":"861768465090306048"},"tweet":"\"No de a poquito, de a poquito le tenes que poner mucho para que absorba el sabor\"\n\nSe hace el master chef y no sab… https://t.co/7HTrP2nFeN","username":"Vicky❈","day":"8","mouth":"4","hour":"23:23","RTcount":0,"LIKEcount":0}
{"_id":{"$oid":"5911281d4411b30cdeaacb1f"},"id":{"$numberLong":"861768539824427008"},"tweet":"RT @SonrioPorFranco: \"No de a poquito, de a poquito le tenes que poner mucho para que absorba el sabor\"\n\nSe hace el master chef y no sab… ","username":"agos","day":"8","mouth":"4","hour":"23:23","RTcount":0,"LIKEcount":0}
{"_id":{"$oid":"591128444411b30cdeaacb21"},"id":{"$numberLong":"861768701422571520"},"tweet":"@mstagnaro no me gusto el final de un diablo con angel.\nAunque quiso demostrar la importancia de la vida no puede m… https://t.co/49QwjoAQkh","username":"Alejandra Estefania ","day":"8","mouth":"4","hour":"23:24","RTcount":0,"LIKEcount":0}
{"_id":{"$oid":"5911284d4411b30cdeaacb23"},"id":{"$numberLong":"861768739045478401"},"tweet":"Master chef mucha tanda publicitaria 😣😣","username":"leonor tito spinola","day":"8","mouth":"4","hour":"23:24","RTcount":0,"LIKEcount":0}
{"_id":{"$oid":"591128654411b30cdeaacb25"},"id":{"$numberLong":"861768841512316928"},"tweet":"dios ayudame a entrar a master chef 2017 ire al casting","username":"yonatan gomez corona","day":"8","mouth":"4","hour":"23:24","RTcount":0,"LIKEcount":0}
{"_id":{"$oid":"5911287c4411b30cdeaacb27"},"id":{"$numberLong":"861768936664301568"},"tweet":"Master chef sin publicidad dura 20 minutos.","username":"Nacho","day":"8","mouth":"4","hour":"23:25","RTcount":0,"LIKEcount":0}
{"_id":{"$oid":"591128804411b30cdeaacb29"},"id":{"$numberLong":"861768951650557953"},"tweet":"Nunca había visto una teleserie, y esta wea de perdona nuestros pecados me tiene hasta el hoyooo 😱","username":"Feño","day":"8","mouth":"4","hour":"23:25","RTcount":0,"LIKEcount":0}
{"_id":{"$oid":"591128914411b30cdeaacb2b"},"id":{"$numberLong":"861769026351005697"},"tweet":"#MasterChefUY \"Ya volvemos con Master chef  Uruguay\" https://t.co/KzpwZ32Euu","username":"Fede Modernell","day":"8","mouth":"4","hour":"23:25","RTcount":0,"LIKEcount":0}
{"_id":{"$oid":"591128a44411b30cdeaacb2d"},"id":{"$numberLong":"861769104352477186"},"tweet":"La sorpresiva aparición de Fabrizio en el último capítulo de “Un Diablo con Ángel” https://t.co/gKrrSzIRoF https://t.co/Q9b67ZMZCm","username":"Portal Fotech.cl","day":"8","mouth":"4","hour":"23:25","RTcount":0,"LIKEcount":0}
{"_id":{"$oid":"591128ad4411b30cdeaacb2f"},"id":{"$numberLong":"861769144454303745"},"tweet":"RT @Fedemodernell: #MasterChefUY \"Ya volvemos con Master chef  Uruguay\" https://t.co/KzpwZ32Euu","username":"Sol 🐱💋🍷👭","day":"8","mouth":"4","hour":"23:25","RTcount":0,"LIKEcount":0}
{"_id":{"$oid":"591128b94411b30cdeaacb31"},"id":{"$numberLong":"861769192592330753"},"tweet":"#ElEscondite entre la teleserie Amanda y perdona nuestros pecados echan competencia cual dura menos, la cagan.","username":"Mitchel","day":"8","mouth":"4","hour":"23:26","RTcount":0,"LIKEcount":0}
{"_id":{"$oid":"591128c44411b30cdeaacb33"},"id":{"$numberLong":"861769240264794112"},"tweet":"RT @Fotechcl: La sorpresiva aparición de Fabrizio en el último capítulo de “Un Diablo con Ángel” https://t.co/gKrrSzIRoF https://t.co/Q9b67…","username":"❌AzuuuuuuL De 💙❌","day":"8","mouth":"4","hour":"23:26","RTcount":0,"LIKEcount":0}
{"_id":{"$oid":"591128cd4411b30cdeaacb35"},"id":{"$numberLong":"861769277766078465"},"tweet":"si entro a master chef, representare a guadalajara y dare lo mejor de mi","username":"yonatan gomez corona","day":"8","mouth":"4","hour":"23:26","RTcount":0,"LIKEcount":0}
{"_id":{"$oid":"591128f74411b30cdeaacb37"},"id":{"$numberLong":"861769453293502467"},"tweet":"Que bolaso me parece el programa master chef, 2 minutos me alcanzaron para no ponerlo nunca más","username":"Hernan Barcelo","day":"8","mouth":"4","hour":"23:27","RTcount":0,"LIKEcount":0}
{"_id":{"$oid":"591129044411b30cdeaacb39"},"id":{"$numberLong":"861769506733031427"},"tweet":"@GasmaskPlot A todos los que miramos Master chef https://t.co/QXZFUOUlKY","username":"Yo soy Gilda","day":"8","mouth":"4","hour":"23:27","RTcount":0,"LIKEcount":0}
{"_id":{"$oid":"591129104411b30cdeaacb3b"},"id":{"$numberLong":"861769558138466306"},"tweet":"RT @Fedemodernell: #MasterChefUY \"Ya volvemos con Master chef  Uruguay\" https://t.co/KzpwZ32Euu","username":"Nacho","day":"8","mouth":"4","hour":"23:27","RTcount":0,"LIKEcount":0}
{"_id":{"$oid":"591129164411b30cdeaacb3d"},"id":{"$numberLong":"861769583874760704"},"tweet":"RT @Fotechcl: La sorpresiva aparición de Fabrizio en el último capítulo de “Un Diablo con Ángel” https://t.co/gKrrSzIRoF https://t.co/Q9b67…","username":"Alejandro Díaz","day":"8","mouth":"4","hour":"23:27","RTcount":0,"LIKEcount":0}
{"_id":{"$oid":"5911291f4411b30cdeaacb3f"},"id":{"$numberLong":"861769621405409280"},"tweet":"Ustedes recuerdan el primer capítulo de Master Chef en el que NO HUBO CORTÉS?","username":"Valentina","day":"8","mouth":"4","hour":"23:27","RTcount":0,"LIKEcount":0}
{"_id":{"$oid":"5911292b4411b30cdeaacb41"},"id":{"$numberLong":"861769671112044544"},"tweet":"Estoy mirando Master chef y quiero saber quien se va, me encanta cuando se despiden 😂","username":"Eugenia Suárez","day":"8","mouth":"4","hour":"23:27","RTcount":0,"LIKEcount":0}
{"_id":{"$oid":"5911292e4411b30cdeaacb43"},"id":{"$numberLong":"861769681652371457"},"tweet":"RT @iBeliebersMx: Nada que ver con Justin pero ¿quién se ira de Master Chef? 😂","username":"Mundo Bieber ♥","day":"8","mouth":"4","hour":"23:27","RTcount":0,"LIKEcount":0}
{"_id":{"$oid":"591129334411b30cdeaacb45"},"id":{"$numberLong":"861769703450181632"},"tweet":"RT @OveggiItaliani: Miro master chef y me pongo a cocinar\nMiro el de los obsesivos con la limpieza y me limpio toda la casa\nMiro vídeos de…","username":"Jere_M","day":"8","mouth":"4","hour":"23:28","RTcount":0,"LIKEcount":0}
{"_id":{"$oid":"591129524411b30cdeaacb47"},"id":{"$numberLong":"861769832898887680"},"tweet":"@HormigaImperial nick tiene vertigo en la cola pero no lo admite 😅","username":"Amarú Varela","day":"8","mouth":"4","hour":"23:28","RTcount":0,"LIKEcount":0}
{"_id":{"$oid":"591129574411b30cdeaacb49"},"id":{"$numberLong":"861769855489507329"},"tweet":"#UnDiabloConAngelGranFinal un 7 a la produccion de un diablo con angel 😉","username":"SoyUnaChilenisis💜","day":"8","mouth":"4","hour":"23:28","RTcount":0,"LIKEcount":0}
{"_id":{"$oid":"5911295e4411b30cdeaacb4b"},"id":{"$numberLong":"861769884837044225"},"tweet":"RT @Fedemodernell: #MasterChefUY \"Ya volvemos con Master chef  Uruguay\" https://t.co/KzpwZ32Euu","username":"Elena PérezCamandule","day":"8","mouth":"4","hour":"23:28","RTcount":0,"LIKEcount":0}
{"_id":{"$oid":"591129664411b30cdeaacb4d"},"id":{"$numberLong":"861769919385530368"},"tweet":"Siguen atomizando con Master Chef?\nSe calmaron?\nY ahora?\nY ahora?","username":"CARO*GRAZIANI","day":"8","mouth":"4","hour":"23:28","RTcount":0,"LIKEcount":0}
{"_id":{"$oid":"591129664411b30cdeaacb4f"},"id":{"$numberLong":"861769920048181248"},"tweet":"@MaxiBerberidge Y yo mirando Master Chef......","username":"Ana Cabrera","day":"8","mouth":"4","hour":"23:28","RTcount":0,"LIKEcount":0}
{"_id":{"$oid":"5911297c4411b30cdeaacb51"},"id":{"$numberLong":"861770009479086081"},"tweet":"RT @GrazianiCaro: Siguen atomizando con Master Chef?\nSe calmaron?\nY ahora?\nY ahora?","username":"Cami🌸","day":"8","mouth":"4","hour":"23:29","RTcount":0,"LIKEcount":0}
{"_id":{"$oid":"591129844411b30cdeaacb53"},"id":{"$numberLong":"861770043209781250"},"tweet":"RT @GrazianiCaro: Siguen atomizando con Master Chef?\nSe calmaron?\nY ahora?\nY ahora?","username":"🌈Lu「ルシア」","day":"8","mouth":"4","hour":"23:29","RTcount":0,"LIKEcount":0}
{"_id":{"$oid":"591129954411b30cdeaacb55"},"id":{"$numberLong":"861770114928177152"},"tweet":"Todos los lunes lo mismo, llegar de estudiar para leer comentarios de Master Chef. Quembole'","username":"SAI","day":"8","mouth":"4","hour":"23:29","RTcount":0,"LIKEcount":0}
{"_id":{"$oid":"5911299a4411b30cdeaacb57"},"id":{"$numberLong":"861770135614435328"},"tweet":"Master chef 30 minutos de publicidad ???????","username":"remises elite","day":"8","mouth":"4","hour":"23:29","RTcount":0,"LIKEcount":0}
{"_id":{"$oid":"5911299a4411b30cdeaacb59"},"id":{"$numberLong":"861770136902131713"},"tweet":"RT @Tsubaki199: #UnDiabloConAngelGranFinal un 7 a la produccion de un diablo con angel 😉","username":"Mauricio González D.","day":"8","mouth":"4","hour":"23:29","RTcount":0,"LIKEcount":0}
{"_id":{"$oid":"5911299b4411b30cdeaacb5b"},"id":{"$numberLong":"861770142224707584"},"tweet":"@PnpMega que buena esta la nocturna \"perdona nuestros pecados\"","username":"Willy  Delannays","day":"8","mouth":"4","hour":"23:29","RTcount":0,"LIKEcount":0}
{"_id":{"$oid":"5911299d4411b30cdeaacb5d"},"id":{"$numberLong":"861770150420283393"},"tweet":"Vuelve master chef y te ponen publicidad. Déjense de joder.","username":"Nacho","day":"8","mouth":"4","hour":"23:29","RTcount":0,"LIKEcount":0}
{"_id":{"$oid":"591129b14411b30cdeaacb5f"},"id":{"$numberLong":"861770230573539333"},"tweet":"Acá con el Bobby, esperando que vuelva Master Chef de la tanda... https://t.co/27HNGDVKOJ","username":"Chicotazo V\u0026A","day":"8","mouth":"4","hour":"23:30","RTcount":0,"LIKEcount":0}
{"_id":{"$oid":"591129c04411b30cdeaacb61"},"id":{"$numberLong":"861770295753011206"},"tweet":"La vida es eso que pasa mientras esperas que Master Chef vuelva del corte...","username":"Agustin Herrera","day":"8","mouth":"4","hour":"23:30","RTcount":0,"LIKEcount":0}
{"_id":{"$oid":"591129d34411b30cdeaacb63"},"id":{"$numberLong":"861770375855820802"},"tweet":"@rsna_nani Creo que hablás de Master Chef, y pensé que hablabas de música.","username":"Gasmask Plot","day":"8","mouth":"4","hour":"23:30","RTcount":0,"LIKEcount":0}
{"_id":{"$oid":"591129e24411b30cdeaacb65"},"id":{"$numberLong":"861770440095789058"},"tweet":"Toda la publicidad de master chef https://t.co/kzBVhiSjq5","username":"Nachooo 🇺🇾🌎🌍🌏","day":"8","mouth":"4","hour":"23:30","RTcount":0,"LIKEcount":0}
{"_id":{"$oid":"591129e84411b30cdeaacb67"},"id":{"$numberLong":"861770462778585089"},"tweet":"Visita nuestra tienda online @Kichink con los mejores títulos VERTIGO y de otras editoriales en español e inglés.... https://t.co/O5RUHt4nPP","username":"VertigoComics México","day":"8","mouth":"4","hour":"23:31","RTcount":0,"LIKEcount":0}
{"_id":{"$oid":"59112a074411b30cdeaacb69"},"id":{"$numberLong":"861770594903306240"},"tweet":"Los reclames de Master Chef son más largos que los de Show Match. Jamás creí que eso pudiera ser posible.\n\nARMY SQUAD\n@BTS_twt #BTSBBMAs","username":"Romina Ciapessoni","day":"8","mouth":"4","hour":"23:31","RTcount":0,"LIKEcount":0}
{"_id":{"$oid":"59112a0e4411b30cdeaacb6b"},"id":{"$numberLong":"861770624842248193"},"tweet":"Cuando regresen de la publicidad eterna tendrían que mandar un resumen de \"Anteriormente hoy en Master Chef\" #MasterChefUy","username":"Agustin Gil","day":"8","mouth":"4","hour":"23:31","RTcount":0,"LIKEcount":0}
{"_id":{"$oid":"59112a184411b30cdeaacb6d"},"id":{"$numberLong":"861770666172960769"},"tweet":"Estoy para master chef amigo","username":"104","day":"8","mouth":"4","hour":"23:31","RTcount":0,"LIKEcount":0}
{"_id":{"$oid":"59112a2f4411b30cdeaacb6f"},"id":{"$numberLong":"861770763279499270"},"tweet":"yo orita https://t.co/MfVVnJjP8t","username":"Ándre","day":"8","mouth":"4","hour":"23:32","RTcount":0,"LIKEcount":0}
{"_id":{"$oid":"59112a324411b30cdeaacb71"},"id":{"$numberLong":"861770775849836544"},"tweet":"RT @Tsubaki199: #UnDiabloConAngelGranFinal un 7 a la produccion de un diablo con angel 😉","username":"Patricio Vergara D","day":"8","mouth":"4","hour":"23:32","RTcount":0,"LIKEcount":0}
{"_id":{"$oid":"59112a584411b30cdeaacb73"},"id":{"$numberLong":"861770933480148996"},"tweet":"Hice medialunas y no se quemaron ni quedaron cruda chau a Master chef júnior Ahre ni estaba el programa","username":"Kikii","day":"8","mouth":"4","hour":"23:32","RTcount":0,"LIKEcount":0}
{"_id":{"$oid":"59112a5d4411b30cdeaacb75"},"id":{"$numberLong":"861770954325864448"},"tweet":"@SofiSastre @MasterChef_Uy Te amo. No sé cuántas veces te lo he dicho. Pero seguiré diciéndotelo, hasta que termine… https://t.co/L3snDnirt5","username":"aliceinWonderland","day":"8","mouth":"4","hour":"23:33","RTcount":0,"LIKEcount":0}
{"_id":{"$oid":"59112a614411b30cdeaacb77"},"id":{"$numberLong":"861770969958019072"},"tweet":"RT @Agustin_Gil: Cuando regresen de la publicidad eterna tendrían que mandar un resumen de \"Anteriormente hoy en Master Chef\" #MasterChefUy","username":"Victoria⚡️","day":"8","mouth":"4","hour":"23:33","RTcount":0,"LIKEcount":0}
{"_id":{"$oid":"59112a654411b30cdeaacb79"},"id":{"$numberLong":"861770986273869824"},"tweet":"RT @GrazianiCaro: Siguen atomizando con Master Chef?\nSe calmaron?\nY ahora?\nY ahora?","username":"Gerardo V. 🔪🃏","day":"8","mouth":"4","hour":"23:33","RTcount":0,"LIKEcount":0}
{"_id":{"$oid":"59112a6f4411b30cdeaacb7b"},"id":{"$numberLong":"861771029487775744"},"tweet":"RT @Tsubaki199: #UnDiabloConAngelGranFinal un 7 a la produccion de un diablo con angel 😉","username":"Sol karen","day":"8","mouth":"4","hour":"23:33","RTcount":0,"LIKEcount":0}
{"_id":{"$oid":"59112a764411b30cdeaacb7d"},"id":{"$numberLong":"861771059317669890"},"tweet":"Siempre me termino viendo los últimos episodios de Master Chef junior.","username":"iraamiaau","day":"8","mouth":"4","hour":"23:33","RTcount":0,"LIKEcount":0}
{"_id":{"$oid":"59112a974411b30cdeaacb7f"},"id":{"$numberLong":"861771196693696512"},"tweet":"@TVN weon denme mi segunda temporada de Un diablo con angel ahora ... 😥 Fuerte final ...","username":"imperfecta_luz","day":"8","mouth":"4","hour":"23:33","RTcount":0,"LIKEcount":0}
{"_id":{"$oid":"59112aab4411b30cdeaacb81"},"id":{"$numberLong":"861771281523511296"},"tweet":"RT @Agustin_Gil: Cuando regresen de la publicidad eterna tendrían que mandar un resumen de \"Anteriormente hoy en Master Chef\" #MasterChefUy","username":"Vale","day":"8","mouth":"4","hour":"23:34","RTcount":0,"LIKEcount":0}
{"_id":{"$oid":"59112ab54411b30cdeaacb83"},"id":{"$numberLong":"861771325005811713"},"tweet":"Pucha que me las lloré ayer y hoy!! Buen final #TVN, extrañaré las noches de un diablo con angel... #UnDiabloConAngelGranFinal","username":"Erika Roa V.","day":"8","mouth":"4","hour":"23:34","RTcount":0,"LIKEcount":0}
{"_id":{"$oid":"59112ac24411b30cdeaacb85"},"id":{"$numberLong":"861771377174605824"},"tweet":"LA INJUSTICIA DE MASTER CHEF ME EXASPERA, MARÍA PÍA VOY A VENGAR TU ELIMINACIÓN (?)","username":"A Lo Peñarol","day":"8","mouth":"4","hour":"23:34","RTcount":0,"LIKEcount":0}
{"_id":{"$oid":"59112ade4411b30cdeaacb87"},"id":{"$numberLong":"861771498046058497"},"tweet":"RT @PetecaValencia: Lo que no miramos Master chef para ver @locosxelfutbol también somos personas!!! \nHoy por @POPTV_uy","username":"Locos por el Fútbol","day":"8","mouth":"4","hour":"23:35","RTcount":0,"LIKEcount":0}
{"_id":{"$oid":"59112aed4411b30cdeaacb89"},"id":{"$numberLong":"861771557538066432"},"tweet":"RT @Agustin_Gil: Cuando regresen de la publicidad eterna tendrían que mandar un resumen de \"Anteriormente hoy en Master Chef\" #MasterChefUy","username":"Ing. Te Retórico","day":"8","mouth":"4","hour":"23:35","RTcount":0,"LIKEcount":0}
{"_id":{"$oid":"59112aef4411b30cdeaacb8b"},"id":{"$numberLong":"861771566056603649"},"tweet":"RT @Agustin_Gil: Cuando regresen de la publicidad eterna tendrían que mandar un resumen de \"Anteriormente hoy en Master Chef\" #MasterChefUy","username":"Flor Leguisamo","day":"8","mouth":"4","hour":"23:35","RTcount":0,"LIKEcount":0}
{"_id":{"$oid":"59112af74411b30cdeaacb8d"},"id":{"$numberLong":"861771598763880448"},"tweet":"@TVRichards Que pasen master chef Uruguay, parece que es más lamentable que el de acá","username":"Yo, Julia (Pagano)","day":"8","mouth":"4","hour":"23:35","RTcount":0,"LIKEcount":0}
{"_id":{"$oid":"59112b334411b30cdeaacb8f"},"id":{"$numberLong":"861771814279794688"},"tweet":"@MasterChef_Uy Pone los capítulos en YouTube de nuevo, no te cortes 🔪 master chef","username":"Mathi Pintos","day":"8","mouth":"4","hour":"23:36","RTcount":0,"LIKEcount":0}
{"_id":{"$oid":"59112b3e4411b30cdeaacb91"},"id":{"$numberLong":"861771900460171268"},"tweet":"#MasterChefUy Mercedes define este Master chef... acuérdenseeeee","username":"Lic Nariz del Uy","day":"8","mouth":"4","hour":"23:36","RTcount":0,"LIKEcount":0}
{"_id":{"$oid":"59112b404411b30cdeaacb93"},"id":{"$numberLong":"861771906634194945"},"tweet":"Indignado con master chef","username":"carlos","day":"8","mouth":"4","hour":"23:36","RTcount":0,"LIKEcount":0}
{"_id":{"$oid":"59112b544411b30cdeaacb95"},"id":{"$numberLong":"861771992072105985"},"tweet":"Yo no miro Master Chef pero me entero de todo por acá jajaja mañana tengo tema de charla con mi compa de trabajo! Gracias gente","username":"Dominiqui 👑💀","day":"8","mouth":"4","hour":"23:37","RTcount":0,"LIKEcount":0}
{"_id":{"$oid":"59112b584411b30cdeaacb97"},"id":{"$numberLong":"861772004567003136"},"tweet":"Pobre gurisa, justo el día que la voy a mirar se va de master chef jajajaja","username":"Anyi","day":"8","mouth":"4","hour":"23:37","RTcount":0,"LIKEcount":0}
{"_id":{"$oid":"59112b5c4411b30cdeaacb99"},"id":{"$numberLong":"861772022497636356"},"tweet":"No puedo creer que llore con Master Chef,cada vez que se va uno 😕","username":"🌸MAJU🌸","day":"8","mouth":"4","hour":"23:37","RTcount":0,"LIKEcount":0}
{"_id":{"$oid":"59112b6f4411b30cdeaacb9b"},"id":{"$numberLong":"861772106140442624"},"tweet":"Jajajaja mamá re quemada no mira más master chef 😂😂😂😂","username":"Inés 🌙","day":"8","mouth":"4","hour":"23:37","RTcount":0,"LIKEcount":0}
{"_id":{"$oid":"59112b774411b30cdeaacb9d"},"id":{"$numberLong":"861772139069919232"},"tweet":"Algun resumen en youtube de Perdona nuestros pecados?, envien link","username":"Pancho Alonso","day":"8","mouth":"4","hour":"23:37","RTcount":0,"LIKEcount":0}
{"_id":{"$oid":"59112b874411b30cdeaacb9f"},"id":{"$numberLong":"861772202592673792"},"tweet":"@diegodelacurva Es injusto xq había hecho cosas buenas! El rasta venía cargándola de antes. Es Master chef del día… https://t.co/Wt5VqhTwnI","username":"Santi SaTo","day":"8","mouth":"4","hour":"23:37","RTcount":0,"LIKEcount":0}
{"_id":{"$oid":"591379d64411b30f384ee634"},"id":{"$numberLong":"862406043393024000"},"tweet":"RT @nicadichiara: Hoy en Sevilla jóvenes comprometidos, jóvenes ilusionados, jóvenes imparables, jóvenes #100por100PSOE... https://t.co/OIU…","username":"Miguel","day":"10","mouth":"4","hour":"17:36","RTcount":0,"LIKEcount":0}
